Removed Pin From Net: NetName=555_Out Pin=R6-1
Change Component Comment : Designator=SW4 Old Comment=SW  New Comment=SW
Change Component Comment : Designator=SW5 Old Comment=SW  New Comment=SW
Change Component Designator: OldDesignator=LED NewDesignator=TP13
Change Component Designator: OldDesignator=QHigh NewDesignator=TP5
Change Component Designator: OldDesignator=Q High NewDesignator=TP11
Change Component Designator: OldDesignator=QLow NewDesignator=TP3
Change Component Designator: OldDesignator=Q low NewDesignator=TP10
Change Component Designator: OldDesignator=Trig NewDesignator=TP1
Change Component Designator: OldDesignator=Trig NewDesignator=TP9
Added Component: Designator=R12(1206_Passive_Resitor)
Add component (AddParameter): Name = "Digikey Link"; Value = "https://www.digikey.com/en/products/detail/stackpole-electronics-inc/RMCF1206FT10K0/1759669"; VariantName = "[No Variations]"
Add component (AddParameter): Name = "LCSC Part#"; Value = "C17902"; VariantName = "[No Variations]"
Add component (AddParameter): Name = "MFR Part #"; Value = "RMCF1206FT10K0"; VariantName = "[No Variations]"
Add component (AddParameter): Name = "Type"; Value = "Basic"; VariantName = "[No Variations]"
Add component (AddParameter): Name = "Value"; Value = "10KOhm"; VariantName = "[No Variations]"
Added Component: Designator=TP14(TP10x_Probe)
Added Pin To Net: NetName=555_Bout Pin=R6-1
Added Pin To Net: NetName=555_Gout Pin=R12-1
Added Pin To Net: NetName=Vcc Pin=R12-2
Added Pin To Net: NetName=Trig Pin=TP14-1
Added Pin To Net: NetName=GND Pin=TP14-2
Added Pin To Net: NetName=GND Pin=TP14-2
Added Pin To Net: NetName=GND Pin=TP14-2
Added Member To Class: ClassName=Board2 Member=Component R12 10k
Added Member To Class: ClassName=Board2 Member=Component TP1 10x Probe TP
Added Member To Class: ClassName=Board2 Member=Component TP14 TP Trig
Added Room: Name=Board2
