Added Component: Designator=C1(1206_Passive_Capacitor)
Add component (AddParameter): Name = "Datasheet"; Value = "https://datasheet.lcsc.com/lcsc/1811031514_Samsung-Electro-Mechanics-CL31A226KAHNNNE_C12891.pdf"; VariantName = "[No Variations]"
Add component (AddParameter): Name = "LCSC Part#"; Value = "C12891"; VariantName = "[No Variations]"
Add component (AddParameter): Name = "MFR Part #"; Value = "CL31A226KAHNNNE"; VariantName = "[No Variations]"
Add component (AddParameter): Name = "Type"; Value = "basic"; VariantName = "[No Variations]"
Add component (AddParameter): Name = "Value"; Value = "22uF"; VariantName = "[No Variations]"
Added Component: Designator=C2(1206_Passive_Capacitor)
Add component (AddParameter): Name = "Datasheet"; Value = "https://datasheet.lcsc.com/lcsc/1811031514_Samsung-Electro-Mechanics-CL31A226KAHNNNE_C12891.pdf"; VariantName = "[No Variations]"
Add component (AddParameter): Name = "LCSC Part#"; Value = "C12891"; VariantName = "[No Variations]"
Add component (AddParameter): Name = "MFR Part #"; Value = "CL31A226KAHNNNE"; VariantName = "[No Variations]"
Add component (AddParameter): Name = "Type"; Value = "basic"; VariantName = "[No Variations]"
Add component (AddParameter): Name = "Value"; Value = "22uF"; VariantName = "[No Variations]"
Added Component: Designator=C3(1206_Passive_Capacitor)
Add component (AddParameter): Name = "Datasheet"; Value = "https://datasheet.lcsc.com/lcsc/1811031514_Samsung-Electro-Mechanics-CL31A226KAHNNNE_C12891.pdf"; VariantName = "[No Variations]"
Add component (AddParameter): Name = "LCSC Part#"; Value = "C12891"; VariantName = "[No Variations]"
Add component (AddParameter): Name = "MFR Part #"; Value = "CL31A226KAHNNNE"; VariantName = "[No Variations]"
Add component (AddParameter): Name = "Type"; Value = "basic"; VariantName = "[No Variations]"
Add component (AddParameter): Name = "Value"; Value = "22uF"; VariantName = "[No Variations]"
Added Component: Designator=C4(1206_Passive_Capacitor)
Add component (AddParameter): Name = "Datasheet"; Value = "https://datasheet.lcsc.com/lcsc/1811031514_Samsung-Electro-Mechanics-CL31A226KAHNNNE_C12891.pdf"; VariantName = "[No Variations]"
Add component (AddParameter): Name = "LCSC Part#"; Value = "C12891"; VariantName = "[No Variations]"
Add component (AddParameter): Name = "MFR Part #"; Value = "CL31A226KAHNNNE"; VariantName = "[No Variations]"
Add component (AddParameter): Name = "Type"; Value = "basic"; VariantName = "[No Variations]"
Add component (AddParameter): Name = "Value"; Value = "22uF"; VariantName = "[No Variations]"
Added Component: Designator=C5(1206_Passive_Capacitor)
Add component (AddParameter): Name = "Datasheet"; Value = "https://datasheet.lcsc.com/lcsc/1811031514_Samsung-Electro-Mechanics-CL31A226KAHNNNE_C12891.pdf"; VariantName = "[No Variations]"
Add component (AddParameter): Name = "LCSC Part#"; Value = "C12891"; VariantName = "[No Variations]"
Add component (AddParameter): Name = "MFR Part #"; Value = "CL31A226KAHNNNE"; VariantName = "[No Variations]"
Add component (AddParameter): Name = "Type"; Value = "basic"; VariantName = "[No Variations]"
Add component (AddParameter): Name = "Value"; Value = "22uF"; VariantName = "[No Variations]"
Added Component: Designator=C6(1206_Passive_Capacitor)
Add component (AddParameter): Name = "Digikey Link"; Value = "https://www.digikey.com/product-detail/en/C1206C105M4RACTU/399-8150-1-ND/3471873/?itemSeq=304982366"; VariantName = "[No Variations]"
Add component (AddParameter): Name = "LCSC Part#"; Value = "C1848"; VariantName = "[No Variations]"
Add component (AddParameter): Name = "MFR Part #"; Value = "CL31B105KBHNNNE"; VariantName = "[No Variations]"
Add component (AddParameter): Name = "Type"; Value = "Basic"; VariantName = "[No Variations]"
Add component (AddParameter): Name = "Value"; Value = "1uF"; VariantName = "[No Variations]"
Added Component: Designator=LED1(LED_1206)
Add component (AddParameter): Name = "Datasheet"; Value = "https://datasheet.lcsc.com/szlcsc/1811151241_Everlight-Elec-15-21-R6C-FQ1R1B-2T_C93133.pdf"; VariantName = "[No Variations]"
Add component (AddParameter): Name = "LCSC Part#"; Value = "C93133"; VariantName = "[No Variations]"
Add component (AddParameter): Name = "MFR Part #"; Value = "15-21/R6C-FQ1R1B/2T"; VariantName = "[No Variations]"
Add component (AddParameter): Name = "Type"; Value = "Extended"; VariantName = "[No Variations]"
Add component (AddParameter): Name = "Value"; Value = "Red"; VariantName = "[No Variations]"
Added Component: Designator=LED2(LED_1206)
Add component (AddParameter): Name = "Datasheet"; Value = "https://datasheet.lcsc.com/szlcsc/1811151241_Everlight-Elec-15-21-R6C-FQ1R1B-2T_C93133.pdf"; VariantName = "[No Variations]"
Add component (AddParameter): Name = "LCSC Part#"; Value = "C93133"; VariantName = "[No Variations]"
Add component (AddParameter): Name = "MFR Part #"; Value = "15-21/R6C-FQ1R1B/2T"; VariantName = "[No Variations]"
Add component (AddParameter): Name = "Type"; Value = "Extended"; VariantName = "[No Variations]"
Add component (AddParameter): Name = "Value"; Value = "Red"; VariantName = "[No Variations]"
Added Component: Designator=LED3(LED_1206)
Add component (AddParameter): Name = "Datasheet"; Value = "https://datasheet.lcsc.com/lcsc/2008201033_Foshan-NationStar-Optoelectronics-NCD1206B1_C130717.pdf"; VariantName = "[No Variations]"
Add component (AddParameter): Name = "LCSC Part#"; Value = "C130717"; VariantName = "[No Variations]"
Add component (AddParameter): Name = "MFR Part #"; Value = "NCD1206B1"; VariantName = "[No Variations]"
Add component (AddParameter): Name = "Type"; Value = "Extended"; VariantName = "[No Variations]"
Add component (AddParameter): Name = "Value"; Value = "Blue"; VariantName = "[No Variations]"
Added Component: Designator=LED4(LED_1206)
Add component (AddParameter): Name = "Datasheet"; Value = "https://datasheet.lcsc.com/lcsc/2008201033_Foshan-NationStar-Optoelectronics-NCD1206B1_C130717.pdf"; VariantName = "[No Variations]"
Add component (AddParameter): Name = "LCSC Part#"; Value = "C130717"; VariantName = "[No Variations]"
Add component (AddParameter): Name = "MFR Part #"; Value = "NCD1206B1"; VariantName = "[No Variations]"
Add component (AddParameter): Name = "Type"; Value = "Extended"; VariantName = "[No Variations]"
Add component (AddParameter): Name = "Value"; Value = "Blue"; VariantName = "[No Variations]"
Added Component: Designator=LED5(LED_1206)
Add component (AddParameter): Name = "Datasheet"; Value = "https://datasheet.lcsc.com/lcsc/2008201033_Foshan-NationStar-Optoelectronics-NCD1206B1_C130717.pdf"; VariantName = "[No Variations]"
Add component (AddParameter): Name = "LCSC Part#"; Value = "C130717"; VariantName = "[No Variations]"
Add component (AddParameter): Name = "MFR Part #"; Value = "NCD1206B1"; VariantName = "[No Variations]"
Add component (AddParameter): Name = "Type"; Value = "Extended"; VariantName = "[No Variations]"
Add component (AddParameter): Name = "Value"; Value = "Blue"; VariantName = "[No Variations]"
Added Component: Designator=LED6(LED_1206)
Add component (AddParameter): Name = "Datasheet"; Value = "https://datasheet.lcsc.com/lcsc/2008201033_Foshan-NationStar-Optoelectronics-NCD1206B1_C130717.pdf"; VariantName = "[No Variations]"
Add component (AddParameter): Name = "LCSC Part#"; Value = "C130717"; VariantName = "[No Variations]"
Add component (AddParameter): Name = "MFR Part #"; Value = "NCD1206B1"; VariantName = "[No Variations]"
Add component (AddParameter): Name = "Type"; Value = "Extended"; VariantName = "[No Variations]"
Add component (AddParameter): Name = "Value"; Value = "Blue"; VariantName = "[No Variations]"
Added Component: Designator=LED7(LED_1206)
Add component (AddParameter): Name = "Datasheet"; Value = "https://datasheet.lcsc.com/lcsc/2008201033_Foshan-NationStar-Optoelectronics-NCD1206B1_C130717.pdf"; VariantName = "[No Variations]"
Add component (AddParameter): Name = "LCSC Part#"; Value = "C130717"; VariantName = "[No Variations]"
Add component (AddParameter): Name = "MFR Part #"; Value = "NCD1206B1"; VariantName = "[No Variations]"
Add component (AddParameter): Name = "Type"; Value = "Extended"; VariantName = "[No Variations]"
Add component (AddParameter): Name = "Value"; Value = "Blue"; VariantName = "[No Variations]"
Added Component: Designator=LED8(LED_1206)
Add component (AddParameter): Name = "Datasheet"; Value = "https://datasheet.lcsc.com/lcsc/2008201033_Foshan-NationStar-Optoelectronics-NCD1206B1_C130717.pdf"; VariantName = "[No Variations]"
Add component (AddParameter): Name = "LCSC Part#"; Value = "C130717"; VariantName = "[No Variations]"
Add component (AddParameter): Name = "MFR Part #"; Value = "NCD1206B1"; VariantName = "[No Variations]"
Add component (AddParameter): Name = "Type"; Value = "Extended"; VariantName = "[No Variations]"
Add component (AddParameter): Name = "Value"; Value = "Blue"; VariantName = "[No Variations]"
Added Component: Designator=P1(Power_Jack)
Add component (AddParameter): Name = "Digikey Link"; Value = "https://www.digikey.com/product-detail/en/PJ-102A/CP-102A-ND/275425/?itemSeq=304982367"; VariantName = "[No Variations]"
Add component (AddParameter): Name = "LCSC Part#"; Value = "C136744"; VariantName = "[No Variations]"
Add component (AddParameter): Name = "MFR Part #"; Value = "PJ-102A"; VariantName = "[No Variations]"
Add component (AddParameter): Name = "Type"; Value = "Extended"; VariantName = "[No Variations]"
Add component (AddParameter): Name = "Value"; Value = "CONN PWR JACK 2X5.5MM SOLDER"; VariantName = "[No Variations]"
Added Component: Designator=PS1(LDO)
Add component (AddParameter): Name = "LCSC Part#"; Value = "C6186"; VariantName = "[No Variations]"
Add component (AddParameter): Name = "MFR Part #"; Value = "AMS1117-3.3"; VariantName = "[No Variations]"
Add component (AddParameter): Name = "Type"; Value = "Basic"; VariantName = "[No Variations]"
Add component (AddParameter): Name = "Value"; Value = "IC REG LINEAR 3.3V 800MA SOT223"; VariantName = "[No Variations]"
Added Component: Designator=R1(0402_Passive_Resistor)
Add component (AddParameter): Name = "Datasheet"; Value = "https://datasheet.lcsc.com/szlcsc/Uniroyal-Elec-0402WGF1001TCE_C11702.pdf"; VariantName = "[No Variations]"
Add component (AddParameter): Name = "LCSC Part#"; Value = "C11702"; VariantName = "[No Variations]"
Add component (AddParameter): Name = "MFR Part #"; Value = "0402WGF1001TCE"; VariantName = "[No Variations]"
Add component (AddParameter): Name = "Type"; Value = "Basic"; VariantName = "[No Variations]"
Add component (AddParameter): Name = "Value"; Value = "1K Ohm"; VariantName = "[No Variations]"
Added Component: Designator=R2(0402_Passive_Resistor)
Add component (AddParameter): Name = "Datasheet"; Value = "https://datasheet.lcsc.com/szlcsc/Uniroyal-Elec-0402WGF1001TCE_C11702.pdf"; VariantName = "[No Variations]"
Add component (AddParameter): Name = "LCSC Part#"; Value = "C11702"; VariantName = "[No Variations]"
Add component (AddParameter): Name = "MFR Part #"; Value = "0402WGF1001TCE"; VariantName = "[No Variations]"
Add component (AddParameter): Name = "Type"; Value = "Basic"; VariantName = "[No Variations]"
Add component (AddParameter): Name = "Value"; Value = "1K Ohm"; VariantName = "[No Variations]"
Added Component: Designator=R3(1206_Passive_Resitor)
Add component (AddParameter): Name = "Datasheet"; Value = "https://datasheet.lcsc.com/lcsc/1811101020_UNI-ROYAL-Uniroyal-Elec-1206W4J0470T5E_C25384.pdf"; VariantName = "[No Variations]"
Add component (AddParameter): Name = "LCSC Part#"; Value = "C25384"; VariantName = "[No Variations]"
Add component (AddParameter): Name = "MFR Part #"; Value = "1206W4J0470T5E"; VariantName = "[No Variations]"
Add component (AddParameter): Name = "Type"; Value = "Extended"; VariantName = "[No Variations]"
Add component (AddParameter): Name = "Value"; Value = "47Ohm"; VariantName = "[No Variations]"
Added Component: Designator=R4(1206_Passive_Resitor)
Add component (AddParameter): Name = "Datasheet"; Value = "https://datasheet.lcsc.com/lcsc/1811101020_UNI-ROYAL-Uniroyal-Elec-1206W4J0470T5E_C25384.pdf"; VariantName = "[No Variations]"
Add component (AddParameter): Name = "LCSC Part#"; Value = "C25384"; VariantName = "[No Variations]"
Add component (AddParameter): Name = "MFR Part #"; Value = "1206W4J0470T5E"; VariantName = "[No Variations]"
Add component (AddParameter): Name = "Type"; Value = "Extended"; VariantName = "[No Variations]"
Add component (AddParameter): Name = "Value"; Value = "47Ohm"; VariantName = "[No Variations]"
Added Component: Designator=R5(1206_Passive_Resitor)
Add component (AddParameter): Name = "Datasheet"; Value = "https://datasheet.lcsc.com/lcsc/1811101020_UNI-ROYAL-Uniroyal-Elec-1206W4J0470T5E_C25384.pdf"; VariantName = "[No Variations]"
Add component (AddParameter): Name = "LCSC Part#"; Value = "C25384"; VariantName = "[No Variations]"
Add component (AddParameter): Name = "MFR Part #"; Value = "1206W4J0470T5E"; VariantName = "[No Variations]"
Add component (AddParameter): Name = "Type"; Value = "Extended"; VariantName = "[No Variations]"
Add component (AddParameter): Name = "Value"; Value = "47Ohm"; VariantName = "[No Variations]"
Added Component: Designator=R6(1206_Passive_Resitor)
Add component (AddParameter): Name = "Digikey Link"; Value = "https://www.digikey.com/en/products/detail/stackpole-electronics-inc/RMCF1206FT10K0/1759669"; VariantName = "[No Variations]"
Add component (AddParameter): Name = "LCSC Part#"; Value = "C17902"; VariantName = "[No Variations]"
Add component (AddParameter): Name = "MFR Part #"; Value = "RMCF1206FT10K0"; VariantName = "[No Variations]"
Add component (AddParameter): Name = "Type"; Value = "Basic"; VariantName = "[No Variations]"
Add component (AddParameter): Name = "Value"; Value = "10KOhm"; VariantName = "[No Variations]"
Added Component: Designator=R7(1206_Passive_Resitor)
Add component (AddParameter): Name = "Digikey Link"; Value = "https://www.digikey.com/product-detail/en/RNCP1206FTD1K00/RNCP1206FTD1K00CT-ND/2240675/?itemSeq=304982373"; VariantName = "[No Variations]"
Add component (AddParameter): Name = "LCSC Part#"; Value = "C4410"; VariantName = "[No Variations]"
Add component (AddParameter): Name = "MFR Part #"; Value = "RNCP1206FTD1K00CT"; VariantName = "[No Variations]"
Add component (AddParameter): Name = "Type"; Value = "Basic"; VariantName = "[No Variations]"
Add component (AddParameter): Name = "Value"; Value = "1K Ohm"; VariantName = "[No Variations]"
Added Component: Designator=R8(1206_Passive_Resitor)
Add component (AddParameter): Name = "Digikey Link"; Value = "https://www.digikey.com/product-detail/en/RNCP1206FTD1K00/RNCP1206FTD1K00CT-ND/2240675/?itemSeq=304982373"; VariantName = "[No Variations]"
Add component (AddParameter): Name = "LCSC Part#"; Value = "C4410"; VariantName = "[No Variations]"
Add component (AddParameter): Name = "MFR Part #"; Value = "RNCP1206FTD1K00CT"; VariantName = "[No Variations]"
Add component (AddParameter): Name = "Type"; Value = "Basic"; VariantName = "[No Variations]"
Add component (AddParameter): Name = "Value"; Value = "1K Ohm"; VariantName = "[No Variations]"
Added Component: Designator=R9(1206_Passive_Resitor)
Add component (AddParameter): Name = "Datasheet"; Value = "https://datasheet.lcsc.com/lcsc/1811101020_UNI-ROYAL-Uniroyal-Elec-1206W4J0470T5E_C25384.pdf"; VariantName = "[No Variations]"
Add component (AddParameter): Name = "LCSC Part#"; Value = "C25384"; VariantName = "[No Variations]"
Add component (AddParameter): Name = "MFR Part #"; Value = "1206W4J0470T5E"; VariantName = "[No Variations]"
Add component (AddParameter): Name = "Type"; Value = "Extended"; VariantName = "[No Variations]"
Add component (AddParameter): Name = "Value"; Value = "47Ohm"; VariantName = "[No Variations]"
Added Component: Designator=R10(1206_Passive_Resitor)
Add component (AddParameter): Name = "Datasheet"; Value = "https://datasheet.lcsc.com/lcsc/1811101020_UNI-ROYAL-Uniroyal-Elec-1206W4J0470T5E_C25384.pdf"; VariantName = "[No Variations]"
Add component (AddParameter): Name = "LCSC Part#"; Value = "C25384"; VariantName = "[No Variations]"
Add component (AddParameter): Name = "MFR Part #"; Value = "1206W4J0470T5E"; VariantName = "[No Variations]"
Add component (AddParameter): Name = "Type"; Value = "Extended"; VariantName = "[No Variations]"
Add component (AddParameter): Name = "Value"; Value = "47Ohm"; VariantName = "[No Variations]"
Added Component: Designator=R11(1206_Passive_Resitor)
Add component (AddParameter): Name = "Datasheet"; Value = "https://datasheet.lcsc.com/lcsc/1811101020_UNI-ROYAL-Uniroyal-Elec-1206W4J0470T5E_C25384.pdf"; VariantName = "[No Variations]"
Add component (AddParameter): Name = "LCSC Part#"; Value = "C25384"; VariantName = "[No Variations]"
Add component (AddParameter): Name = "MFR Part #"; Value = "1206W4J0470T5E"; VariantName = "[No Variations]"
Add component (AddParameter): Name = "Type"; Value = "Extended"; VariantName = "[No Variations]"
Add component (AddParameter): Name = "Value"; Value = "47Ohm"; VariantName = "[No Variations]"
Added Component: Designator=SW1(3_PIN_100mil)
Add component (AddParameter): Name = "Digikey Link"; Value = "https://www.digikey.com/product-detail/en/PREC003SAAN-RC/S1012EC-03-ND/2774851/?itemSeq=304982371"; VariantName = "[No Variations]"
Add component (AddParameter): Name = "LCSC Part#"; Value = "C49257"; VariantName = "[No Variations]"
Add component (AddParameter): Name = "MFR Part #"; Value = "PREC003SAAN-RC"; VariantName = "[No Variations]"
Add component (AddParameter): Name = "Type"; Value = "Extended"; VariantName = "[No Variations]"
Add component (AddParameter): Name = "Value"; Value = "CONN HEADER VERT 3POS 2.54MM"; VariantName = "[No Variations]"
Added Component: Designator=SW2(2Pin-Header-Conn)
Add component (AddParameter): Name = "LCSC Part#"; Value = "C124375"; VariantName = "[No Variations]"
Add component (AddParameter): Name = "Type"; Value = "Extended"; VariantName = "[No Variations]"
Added Component: Designator=SW3(2Pin-Header-Conn)
Add component (AddParameter): Name = "LCSC Part#"; Value = "C124375"; VariantName = "[No Variations]"
Add component (AddParameter): Name = "Type"; Value = "Extended"; VariantName = "[No Variations]"
Added Component: Designator=SW4(2Pin-Header-Conn)
Add component (AddParameter): Name = "LCSC Part#"; Value = "C124375"; VariantName = "[No Variations]"
Add component (AddParameter): Name = "Type"; Value = "Extended"; VariantName = "[No Variations]"
Added Component: Designator=TP1(TP10x_Probe)
Added Component: Designator=TP2(TP10x_Probe)
Added Component: Designator=TP3(TP10x_Probe)
Added Component: Designator=TP4(TP10x_Probe)
Added Component: Designator=TP5(TP10x_Probe)
Added Component: Designator=TP6(TP10x_Probe)
Added Component: Designator=TP7(TP10x_Probe)
Added Component: Designator=TP8(TP10x_Probe)
Added Component: Designator=TP9(TP10x_Probe)
Added Component: Designator=TP10(TP10x_Probe)
Added Component: Designator=TP11(TP10x_Probe)
Added Component: Designator=TP12(TP10x_Probe)
Added Component: Designator=TP13(TP10x_Probe)
Added Component: Designator=TP14(TP10x_Probe)
Added Component: Designator=TP15(TP10x_Probe)
Added Component: Designator=U1(HEX_74AC14)
Add component (AddParameter): Name = "Datasheet"; Value = "https://datasheet.lcsc.com/szlcsc/ON-Semicon-ON-74AC14SCX_C5482.pdf"; VariantName = "[No Variations]"
Add component (AddParameter): Name = "LCSC Part#"; Value = "C6942"; VariantName = "[No Variations]"
Add component (AddParameter): Name = "MFR Part #"; Value = "SN74AHC14DR"; VariantName = "[No Variations]"
Add component (AddParameter): Name = "Type"; Value = "Extended"; VariantName = "[No Variations]"
Added Component: Designator=U2(TS555IDTTR)
Add component (AddParameter): Name = "Digikey Link"; Value = "https://www.digikey.com/product-detail/en/texas-instruments/NE555DR/296-6501-1-ND/372490"; VariantName = "[No Variations]"
Add component (AddParameter): Name = "LCSC Part#"; Value = "C7593"; VariantName = "[No Variations]"
Add component (AddParameter): Name = "MFR Part #"; Value = "NE555DR"; VariantName = "[No Variations]"
Add component (AddParameter): Name = "Type"; Value = "Basic"; VariantName = "[No Variations]"
Added Component: Designator=U3(HEX_74AC14)
Add component (AddParameter): Name = "Datasheet"; Value = "https://datasheet.lcsc.com/szlcsc/ON-Semicon-ON-74AC14SCX_C5482.pdf"; VariantName = "[No Variations]"
Add component (AddParameter): Name = "LCSC Part#"; Value = "C6942"; VariantName = "[No Variations]"
Add component (AddParameter): Name = "MFR Part #"; Value = "SN74AHC14DR"; VariantName = "[No Variations]"
Add component (AddParameter): Name = "Type"; Value = "Extended"; VariantName = "[No Variations]"
Added Pin To Net: NetName=+3.3 Pin=PS1-2
Added Pin To Net: NetName=+3.3 Pin=PS1-4
Added Pin To Net: NetName=+3.3 Pin=SW1-3
Added Pin To Net: NetName=+3.3 Pin=SW2-1
Added Pin To Net: NetName=+3.3 Pin=TP6-1
Added Net: Name=+3.3
Added Pin To Net: NetName=+5 Pin=C1-2
Added Pin To Net: NetName=+5 Pin=LED1-1
Added Pin To Net: NetName=+5 Pin=P1-1
Added Pin To Net: NetName=+5 Pin=PS1-3
Added Pin To Net: NetName=+5 Pin=SW1-1
Added Pin To Net: NetName=+5 Pin=TP2-1
Added Net: Name=+5
Added Pin To Net: NetName=5V 555 Pin=C4-2
Added Pin To Net: NetName=5V 555 Pin=R7-2
Added Pin To Net: NetName=5V 555 Pin=SW3-2
Added Pin To Net: NetName=5V 555 Pin=U2-4
Added Pin To Net: NetName=5V 555 Pin=U2-8
Added Net: Name=5V 555
Added Pin To Net: NetName=555_Out Pin=R6-1
Added Pin To Net: NetName=555_Out Pin=SW4-2
Added Pin To Net: NetName=555_Out Pin=U1-1
Added Pin To Net: NetName=555_Out Pin=U1-9
Added Pin To Net: NetName=555_Out Pin=U1-11
Added Pin To Net: NetName=555_Out Pin=U1-13
Added Pin To Net: NetName=555_Out Pin=U3-1
Added Pin To Net: NetName=555_Out Pin=U3-9
Added Pin To Net: NetName=555_Out Pin=U3-11
Added Pin To Net: NetName=555_Out Pin=U3-13
Added Net: Name=555_Out
Added Pin To Net: NetName=D Pin=R7-1
Added Pin To Net: NetName=D Pin=R8-2
Added Pin To Net: NetName=D Pin=U2-7
Added Net: Name=D
Added Pin To Net: NetName=GND Pin=C1-1
Added Pin To Net: NetName=GND Pin=C2-2
Added Pin To Net: NetName=GND Pin=C3-1
Added Pin To Net: NetName=GND Pin=C4-1
Added Pin To Net: NetName=GND Pin=C5-2
Added Pin To Net: NetName=GND Pin=C6-1
Added Pin To Net: NetName=GND Pin=P1-2
Added Pin To Net: NetName=GND Pin=P1-3
Added Pin To Net: NetName=GND Pin=PS1-1
Added Pin To Net: NetName=GND Pin=R1-1
Added Pin To Net: NetName=GND Pin=R2-1
Added Pin To Net: NetName=GND Pin=R3-1
Added Pin To Net: NetName=GND Pin=R4-1
Added Pin To Net: NetName=GND Pin=R5-1
Added Pin To Net: NetName=GND Pin=R9-1
Added Pin To Net: NetName=GND Pin=R10-1
Added Pin To Net: NetName=GND Pin=R11-1
Added Pin To Net: NetName=GND Pin=TP1-2
Added Pin To Net: NetName=GND Pin=TP1-2
Added Pin To Net: NetName=GND Pin=TP1-2
Added Pin To Net: NetName=GND Pin=TP2-2
Added Pin To Net: NetName=GND Pin=TP2-2
Added Pin To Net: NetName=GND Pin=TP2-2
Added Pin To Net: NetName=GND Pin=TP3-2
Added Pin To Net: NetName=GND Pin=TP3-2
Added Pin To Net: NetName=GND Pin=TP3-2
Added Pin To Net: NetName=GND Pin=TP4-2
Added Pin To Net: NetName=GND Pin=TP4-2
Added Pin To Net: NetName=GND Pin=TP4-2
Added Pin To Net: NetName=GND Pin=TP5-2
Added Pin To Net: NetName=GND Pin=TP5-2
Added Pin To Net: NetName=GND Pin=TP5-2
Added Pin To Net: NetName=GND Pin=TP6-2
Added Pin To Net: NetName=GND Pin=TP6-2
Added Pin To Net: NetName=GND Pin=TP6-2
Added Pin To Net: NetName=GND Pin=TP7-2
Added Pin To Net: NetName=GND Pin=TP7-2
Added Pin To Net: NetName=GND Pin=TP7-2
Added Pin To Net: NetName=GND Pin=TP8-2
Added Pin To Net: NetName=GND Pin=TP8-2
Added Pin To Net: NetName=GND Pin=TP8-2
Added Pin To Net: NetName=GND Pin=TP9-2
Added Pin To Net: NetName=GND Pin=TP9-2
Added Pin To Net: NetName=GND Pin=TP9-2
Added Pin To Net: NetName=GND Pin=TP10-2
Added Pin To Net: NetName=GND Pin=TP10-2
Added Pin To Net: NetName=GND Pin=TP10-2
Added Pin To Net: NetName=GND Pin=TP11-2
Added Pin To Net: NetName=GND Pin=TP11-2
Added Pin To Net: NetName=GND Pin=TP11-2
Added Pin To Net: NetName=GND Pin=TP12-2
Added Pin To Net: NetName=GND Pin=TP12-2
Added Pin To Net: NetName=GND Pin=TP12-2
Added Pin To Net: NetName=GND Pin=TP13-2
Added Pin To Net: NetName=GND Pin=TP13-2
Added Pin To Net: NetName=GND Pin=TP13-2
Added Pin To Net: NetName=GND Pin=TP14-2
Added Pin To Net: NetName=GND Pin=TP14-2
Added Pin To Net: NetName=GND Pin=TP14-2
Added Pin To Net: NetName=GND Pin=TP15-2
Added Pin To Net: NetName=GND Pin=TP15-2
Added Pin To Net: NetName=GND Pin=TP15-2
Added Pin To Net: NetName=GND Pin=U1-5
Added Pin To Net: NetName=GND Pin=U1-7
Added Pin To Net: NetName=GND Pin=U2-1
Added Pin To Net: NetName=GND Pin=U3-5
Added Pin To Net: NetName=GND Pin=U3-7
Added Net: Name=GND
Added Pin To Net: NetName=LED_bad Pin=LED3-1
Added Pin To Net: NetName=LED_bad Pin=TP7-1
Added Pin To Net: NetName=LED_bad Pin=U1-12
Added Net: Name=LED_bad
Added Pin To Net: NetName=LED_good Pin=LED6-1
Added Pin To Net: NetName=LED_good Pin=TP13-1
Added Pin To Net: NetName=LED_good Pin=U3-12
Added Net: Name=LED_good
Added Pin To Net: NetName=NetC3_2 Pin=C3-2
Added Pin To Net: NetName=NetC3_2 Pin=SW2-2
Added Net: Name=NetC3_2
Added Pin To Net: NetName=NetLED1_2 Pin=LED1-2
Added Pin To Net: NetName=NetLED1_2 Pin=R1-2
Added Net: Name=NetLED1_2
Added Pin To Net: NetName=NetLED2_2 Pin=LED2-2
Added Pin To Net: NetName=NetLED2_2 Pin=R2-2
Added Net: Name=NetLED2_2
Added Pin To Net: NetName=NetLED4_1 Pin=LED4-1
Added Pin To Net: NetName=NetLED4_1 Pin=U1-10
Added Net: Name=NetLED4_1
Added Pin To Net: NetName=NetLED4_2 Pin=LED4-2
Added Pin To Net: NetName=NetLED4_2 Pin=R4-2
Added Net: Name=NetLED4_2
Added Pin To Net: NetName=NetLED5_1 Pin=LED5-1
Added Pin To Net: NetName=NetLED5_1 Pin=U1-8
Added Net: Name=NetLED5_1
Added Pin To Net: NetName=NetLED5_2 Pin=LED5-2
Added Pin To Net: NetName=NetLED5_2 Pin=R3-2
Added Net: Name=NetLED5_2
Added Pin To Net: NetName=NetLED7_1 Pin=LED7-1
Added Pin To Net: NetName=NetLED7_1 Pin=U3-10
Added Net: Name=NetLED7_1
Added Pin To Net: NetName=NetLED7_2 Pin=LED7-2
Added Pin To Net: NetName=NetLED7_2 Pin=R10-2
Added Net: Name=NetLED7_2
Added Pin To Net: NetName=NetLED8_1 Pin=LED8-1
Added Pin To Net: NetName=NetLED8_1 Pin=U3-8
Added Net: Name=NetLED8_1
Added Pin To Net: NetName=NetLED8_2 Pin=LED8-2
Added Pin To Net: NetName=NetLED8_2 Pin=R9-2
Added Net: Name=NetLED8_2
Added Pin To Net: NetName=NetSW4_1 Pin=SW4-1
Added Pin To Net: NetName=NetSW4_1 Pin=TP12-1
Added Pin To Net: NetName=NetSW4_1 Pin=U2-3
Added Net: Name=NetSW4_1
Added Pin To Net: NetName=QHi_bad Pin=TP5-1
Added Pin To Net: NetName=QHi_bad Pin=U1-6
Added Net: Name=QHi_bad
Added Pin To Net: NetName=QHi_good Pin=TP11-1
Added Pin To Net: NetName=QHi_good Pin=U3-6
Added Net: Name=QHi_good
Added Pin To Net: NetName=QLo_bad Pin=TP3-1
Added Pin To Net: NetName=QLo_bad Pin=U1-4
Added Net: Name=QLo_bad
Added Pin To Net: NetName=QLo_good Pin=TP10-1
Added Pin To Net: NetName=QLo_good Pin=U3-4
Added Net: Name=QLo_good
Added Pin To Net: NetName=R_bad Pin=LED3-2
Added Pin To Net: NetName=R_bad Pin=R5-2
Added Pin To Net: NetName=R_bad Pin=TP8-1
Added Net: Name=R_bad
Added Pin To Net: NetName=R_good Pin=LED6-2
Added Pin To Net: NetName=R_good Pin=R11-2
Added Pin To Net: NetName=R_good Pin=TP15-1
Added Net: Name=R_good
Added Pin To Net: NetName=Trig_bad Pin=TP1-1
Added Pin To Net: NetName=Trig_bad Pin=U1-2
Added Net: Name=Trig_bad
Added Pin To Net: NetName=Trig_good Pin=TP9-1
Added Pin To Net: NetName=Trig_good Pin=U3-2
Added Net: Name=Trig_good
Added Pin To Net: NetName=Trig Pin=C6-2
Added Pin To Net: NetName=Trig Pin=R8-1
Added Pin To Net: NetName=Trig Pin=TP14-1
Added Pin To Net: NetName=Trig Pin=U2-2
Added Pin To Net: NetName=Trig Pin=U2-6
Added Net: Name=Trig
Added Pin To Net: NetName=Vcc Pin=C2-1
Added Pin To Net: NetName=Vcc Pin=C5-1
Added Pin To Net: NetName=Vcc Pin=LED2-1
Added Pin To Net: NetName=Vcc Pin=R6-2
Added Pin To Net: NetName=Vcc Pin=SW1-2
Added Pin To Net: NetName=Vcc Pin=SW3-1
Added Pin To Net: NetName=Vcc Pin=TP4-1
Added Pin To Net: NetName=Vcc Pin=U1-3
Added Pin To Net: NetName=Vcc Pin=U1-14
Added Pin To Net: NetName=Vcc Pin=U3-3
Added Pin To Net: NetName=Vcc Pin=U3-14
Added Net: Name=Vcc
Added Class: Name=Board2
Added Room: Name=Board2
Added Rule: Name=Schematic Width Constraint
Added Rule: Name=Schematic Width Constraint_1
Added Rule: Name=Schematic Width Constraint_2
Added Rule: Name=Schematic Width Constraint_3
Added Rule: Name=Schematic Width Constraint_4
