Removed Pin From Net: NetName=GND Pin=C3-1
Removed Pin From Net: NetName=Osc_1 Pin=C3-2
Removed Pin From Net: NetName=Osc_2 Pin=C4-1
Removed Pin From Net: NetName=GND Pin=C4-2
Removed Pin From Net: NetName=GND Pin=C13-1
Removed Pin From Net: NetName=XI Pin=C13-2
Removed Pin From Net: NetName=GND Pin=C14-1
Removed Pin From Net: NetName=XO Pin=C14-2
Removed Pin From Net: NetName=5VUSB Pin=D1-5
Removed Pin From Net: NetName=328RX Pin=LED4-1
Removed Pin From Net: NetName=328TX Pin=LED5-1
Removed Pin From Net: NetName=GND Pin=R6-1
Removed Pin From Net: NetName=NetLED4_2 Pin=R6-2
Removed Pin From Net: NetName=GND Pin=R7-1
Removed Pin From Net: NetName=NetLED5_2 Pin=R7-2
Change Component Comment : Designator=SW1 Old Comment=5VSW New Comment=PREC003SAAN-RC
Change Component Designator: OldDesignator=C10 NewDesignator=C11
Change Component Designator: OldDesignator=C11 NewDesignator=C10
Change Component Designator: OldDesignator= LED3 NewDesignator=LED3
Change Component Designator: OldDesignator=TP3 NewDesignator=TP4
Change Component Designator: OldDesignator=TP4 NewDesignator=TP3
Added Component: Designator=C3(1206_Passive_Capacitor)
Add component (AddParameter): Name = "Datasheet"; Value = "https://datasheet.lcsc.com/lcsc/1810311150_FH-Guangdong-Fenghua-Advanced-Tech-1206CG220J102NT_C313096.pdf"; VariantName = "[No Variations]"
Add component (AddParameter): Name = "LCSC Part#"; Value = "C313096"; VariantName = "[No Variations]"
Add component (AddParameter): Name = "MFR Part #"; Value = "1206CG220J102NT"; VariantName = "[No Variations]"
Add component (AddParameter): Name = "Type"; Value = "Extended"; VariantName = "[No Variations]"
Add component (AddParameter): Name = "Value"; Value = "22pF"; VariantName = "[No Variations]"
Added Component: Designator=C4(1206_Passive_Capacitor)
Add component (AddParameter): Name = "Datasheet"; Value = "https://datasheet.lcsc.com/lcsc/1810311150_FH-Guangdong-Fenghua-Advanced-Tech-1206CG220J102NT_C313096.pdf"; VariantName = "[No Variations]"
Add component (AddParameter): Name = "LCSC Part#"; Value = "C313096"; VariantName = "[No Variations]"
Add component (AddParameter): Name = "MFR Part #"; Value = "1206CG220J102NT"; VariantName = "[No Variations]"
Add component (AddParameter): Name = "Type"; Value = "Extended"; VariantName = "[No Variations]"
Add component (AddParameter): Name = "Value"; Value = "22pF"; VariantName = "[No Variations]"
Added Component: Designator=C13(1206_Passive_Capacitor)
Add component (AddParameter): Name = "Datasheet"; Value = "https://datasheet.lcsc.com/lcsc/1811031514_Samsung-Electro-Mechanics-CL31A226KAHNNNE_C12891.pdf"; VariantName = "[No Variations]"
Add component (AddParameter): Name = "LCSC Part#"; Value = "C12891"; VariantName = "[No Variations]"
Add component (AddParameter): Name = "MFR Part #"; Value = "CL31A226KAHNNNE"; VariantName = "[No Variations]"
Add component (AddParameter): Name = "Type"; Value = "basic"; VariantName = "[No Variations]"
Add component (AddParameter): Name = "Value"; Value = "22uF"; VariantName = "[No Variations]"
Added Component: Designator=C14(1206_Passive_Capacitor)
Add component (AddParameter): Name = "Datasheet"; Value = "https://datasheet.lcsc.com/lcsc/1810311150_FH-Guangdong-Fenghua-Advanced-Tech-1206CG220J102NT_C313096.pdf"; VariantName = "[No Variations]"
Add component (AddParameter): Name = "LCSC Part#"; Value = "C313096"; VariantName = "[No Variations]"
Add component (AddParameter): Name = "MFR Part #"; Value = "1206CG220J102NT"; VariantName = "[No Variations]"
Add component (AddParameter): Name = "Type"; Value = "Extended"; VariantName = "[No Variations]"
Add component (AddParameter): Name = "Value"; Value = "22pF"; VariantName = "[No Variations]"
Added Pin To Net: NetName=GND Pin=C3-1
Added Pin To Net: NetName=Osc_1 Pin=C3-2
Added Pin To Net: NetName=GND Pin=C4-1
Added Pin To Net: NetName=Osc_2 Pin=C4-2
Added Pin To Net: NetName=NetC11_2 Pin=C12-2
Added Pin To Net: NetName=XI Pin=C13-1
Added Pin To Net: NetName=GND Pin=C13-2
Added Pin To Net: NetName=GND Pin=C14-1
Added Pin To Net: NetName=XO Pin=C14-2
Added Pin To Net: NetName=Vcc Pin=D1-5
Added Pin To Net: NetName=ArdVcc Pin=LED4-1
Added Pin To Net: NetName=ArdVcc Pin=LED5-1
Added Pin To Net: NetName=NetLED4_2 Pin=R6-1
Added Pin To Net: NetName=328RX Pin=R6-2
Added Pin To Net: NetName=NetLED5_2 Pin=R7-1
Added Pin To Net: NetName=328TX Pin=R7-2
Added Pin To Net: NetName=NetC11_2 Pin=U2-4
Change Net Name : Old Net Name=NetC11_2 New Net Name=V3
Added Member To Class: ClassName=Board3 Member=Component LED3 Red
Added Room: Name=Board3
