Removed Pin From Net: NetName=3.3V Pin=MCU-3
Change Component Designator: OldDesignator=SW? NewDesignator=BOOT
Change Component Designator: OldDesignator=SW? NewDesignator=RESET
Added Component: Designator=C5(1206_Passive_Capacitor)
Add component (AddParameter): Name = "Datasheet"; Value = "https://datasheet.lcsc.com/lcsc/1810221112_Samsung-Electro-Mechanics-CL31A106KBHNNNE_C13585.pdf"; VariantName = "[No Variations]"
Add component (AddParameter): Name = "LCSC Part#"; Value = "C13585"; VariantName = "[No Variations]"
Add component (AddParameter): Name = "MFR Part #"; Value = "CL31A106KBHNNNE"; VariantName = "[No Variations]"
Add component (AddParameter): Name = "Type"; Value = "Basic"; VariantName = "[No Variations]"
Add component (AddParameter): Name = "Value"; Value = "0.1uF"; VariantName = "[No Variations]"
Added Component: Designator=C6(1206_Passive_Capacitor)
Add component (AddParameter): Name = "Datasheet"; Value = "https://datasheet.lcsc.com/lcsc/1810221112_Samsung-Electro-Mechanics-CL31A106KBHNNNE_C13585.pdf"; VariantName = "[No Variations]"
Add component (AddParameter): Name = "LCSC Part#"; Value = "C13585"; VariantName = "[No Variations]"
Add component (AddParameter): Name = "MFR Part #"; Value = "CL31A106KBHNNNE"; VariantName = "[No Variations]"
Add component (AddParameter): Name = "Type"; Value = "Basic"; VariantName = "[No Variations]"
Add component (AddParameter): Name = "Value"; Value = "0.1uF"; VariantName = "[No Variations]"
Added Component: Designator=C7(1206_Passive_Capacitor)
Add component (AddParameter): Name = "Datasheet"; Value = "https://datasheet.lcsc.com/lcsc/1810221112_Samsung-Electro-Mechanics-CL31A106KBHNNNE_C13585.pdf"; VariantName = "[No Variations]"
Add component (AddParameter): Name = "LCSC Part#"; Value = "C13585"; VariantName = "[No Variations]"
Add component (AddParameter): Name = "MFR Part #"; Value = "CL31A106KBHNNNE"; VariantName = "[No Variations]"
Add component (AddParameter): Name = "Type"; Value = "Basic"; VariantName = "[No Variations]"
Add component (AddParameter): Name = "Value"; Value = "0.1uF"; VariantName = "[No Variations]"
Added Component: Designator=C8(1206_Passive_Capacitor)
Add component (AddParameter): Name = "Datasheet"; Value = "https://datasheet.lcsc.com/lcsc/1810221112_Samsung-Electro-Mechanics-CL31A106KBHNNNE_C13585.pdf"; VariantName = "[No Variations]"
Add component (AddParameter): Name = "LCSC Part#"; Value = "C13585"; VariantName = "[No Variations]"
Add component (AddParameter): Name = "MFR Part #"; Value = "CL31A106KBHNNNE"; VariantName = "[No Variations]"
Add component (AddParameter): Name = "Type"; Value = "Basic"; VariantName = "[No Variations]"
Add component (AddParameter): Name = "Value"; Value = "0.1uF"; VariantName = "[No Variations]"
Added Component: Designator=C9(1206_Passive_Capacitor)
Add component (AddParameter): Name = "Datasheet"; Value = "https://datasheet.lcsc.com/lcsc/1810221112_Samsung-Electro-Mechanics-CL31A106KBHNNNE_C13585.pdf"; VariantName = "[No Variations]"
Add component (AddParameter): Name = "LCSC Part#"; Value = "C13585"; VariantName = "[No Variations]"
Add component (AddParameter): Name = "MFR Part #"; Value = "CL31A106KBHNNNE"; VariantName = "[No Variations]"
Add component (AddParameter): Name = "Type"; Value = "Basic"; VariantName = "[No Variations]"
Add component (AddParameter): Name = "Value"; Value = "0.1uF"; VariantName = "[No Variations]"
Added Component: Designator=R4(1206_Passive_Resitor)
Add component (AddParameter): Name = "Digikey Link"; Value = "https://www.digikey.com/en/products/detail/stackpole-electronics-inc/RMCF1206FT10K0/1759669"; VariantName = "[No Variations]"
Add component (AddParameter): Name = "LCSC Part#"; Value = "C17902"; VariantName = "[No Variations]"
Add component (AddParameter): Name = "MFR Part #"; Value = "RMCF1206FT10K0"; VariantName = "[No Variations]"
Add component (AddParameter): Name = "Type"; Value = "Basic"; VariantName = "[No Variations]"
Add component (AddParameter): Name = "Value"; Value = "10KOhm"; VariantName = "[No Variations]"
Added Component: Designator=R5(1206_Passive_Resitor)
Add component (AddParameter): Name = "Datasheet"; Value = "https://datasheet.lcsc.com/szlcsc/Uniroyal-Elec-1206W4F0000T5E_C17888.pdf"; VariantName = "[No Variations]"
Add component (AddParameter): Name = "LCSC Part#"; Value = "C17888"; VariantName = "[No Variations]"
Add component (AddParameter): Name = "MFR Part #"; Value = "1206W4F0000T5E"; VariantName = "[No Variations]"
Add component (AddParameter): Name = "Mouser link"; Value = "https://www.mouser.com/ProductDetail/Royalohm/1206W4F0000T5E?qs=e8oIoAS2J1Thbopin%252BsagQ%3D%3D"; VariantName = "[No Variations]"
Add component (AddParameter): Name = "Type"; Value = "Basic"; VariantName = "[No Variations]"
Add component (AddParameter): Name = "Value"; Value = "10kOhm"; VariantName = "[No Variations]"
Added Pin To Net: NetName=GND Pin=BOOT-1
Added Pin To Net: NetName=GND Pin=BOOT-2
Added Pin To Net: NetName=GND Pin=C5-1
Added Pin To Net: NetName=3.3V Pin=C5-2
Added Pin To Net: NetName=GND Pin=C6-1
Added Pin To Net: NetName=3.3V Pin=C6-2
Added Pin To Net: NetName=GND Pin=C7-1
Added Pin To Net: NetName=USB_POWER Pin=C7-2
Added Pin To Net: NetName=GND Pin=C8-1
Added Pin To Net: NetName=GND Pin=C9-1
Added Pin To Net: NetName=SDA Pin=OLED-1
Added Pin To Net: NetName=SCL Pin=OLED-2
Added Pin To Net: NetName=3.3V Pin=OLED-3
Added Pin To Net: NetName=GND Pin=OLED-4
Added Pin To Net: NetName=3.3V Pin=R4-2
Added Pin To Net: NetName=3.3V Pin=R5-1
Added Pin To Net: NetName=GND Pin=RESET-1
Added Pin To Net: NetName=GND Pin=RESET-2
Added Pin To Net: NetName=BOOT Pin=BOOT-3
Added Pin To Net: NetName=BOOT Pin=BOOT-4
Added Pin To Net: NetName=BOOT Pin=C9-2
Added Pin To Net: NetName=BOOT Pin=MCU-27
Added Pin To Net: NetName=BOOT Pin=R5-2
Added Net: Name=BOOT
Added Pin To Net: NetName=RESET Pin=C8-2
Added Pin To Net: NetName=RESET Pin=MCU-3
Added Pin To Net: NetName=RESET Pin=R4-1
Added Pin To Net: NetName=RESET Pin=RESET-3
Added Pin To Net: NetName=RESET Pin=RESET-4
Added Net: Name=RESET
Added Member To Class: ClassName=node Member=Component BOOT TL3305AF160QG
Added Member To Class: ClassName=node Member=Component C5 10uF
Added Member To Class: ClassName=node Member=Component C6 10uF
Added Member To Class: ClassName=node Member=Component C7 10uF
Added Member To Class: ClassName=node Member=Component C8 10uF
Added Member To Class: ClassName=node Member=Component C9 10uF
Added Member To Class: ClassName=node Member=Component R4 10k
Added Member To Class: ClassName=node Member=Component R5 220 Ohm
