Removed Pin From Net: NetName=GND Pin=MCU-41_10
Removed Pin From Net: NetName=GND Pin=MCU-41_11
Removed Pin From Net: NetName=GND Pin=MCU-41_12
Removed Pin From Net: NetName=GND Pin=MCU-41_13
Removed Pin From Net: NetName=GND Pin=MCU-41_14
Removed Pin From Net: NetName=GND Pin=MCU-41_15
Removed Pin From Net: NetName=GND Pin=MCU-41_16
Removed Pin From Net: NetName=GND Pin=MCU-41_17
Removed Pin From Net: NetName=GND Pin=MCU-41_18
Removed Pin From Net: NetName=GND Pin=MCU-41_19
Removed Pin From Net: NetName=GND Pin=MCU-41_20
Removed Pin From Net: NetName=GND Pin=MCU-41_21
Removed Pin From Net: NetName=SCL Pin=PM2.5-8
Removed Pin From Net: NetName=SDA Pin=PM2.5-10
Added Pin To Net: NetName=SCL Pin=PM2.5-7
Added Pin To Net: NetName=SDA Pin=PM2.5-9
Added Pin To Net: NetName=NetPM2.5_5 Pin=PM2.5-5
Added Pin To Net: NetName=NetPM2.5_5 Pin=R6-1
Added Net: Name=NetPM2.5_5
Added Pin To Net: NetName=NetPM2.5_10 Pin=PM2.5-10
Added Pin To Net: NetName=NetPM2.5_10 Pin=R7-2
Added Net: Name=NetPM2.5_10
