Removed Pin From Net: NetName=3V3 Pin=C2-1
Removed Pin From Net: NetName=5V Pin=J1-1
Removed Pin From Net: NetName=GND Pin=J1-2
Removed Pin From Net: NetName=3V3 Pin=J1-3
Removed Pin From Net: NetName=IO4 Pin=J1-4
Removed Pin From Net: NetName=IO5 Pin=J1-5
Removed Pin From Net: NetName=IO6 Pin=J1-6
Removed Pin From Net: NetName=IO7 Pin=J1-7
Removed Pin From Net: NetName=IO8 Pin=J1-8
Removed Pin From Net: NetName=IO9 Pin=J1-9
Added Pin To Net: NetName=5V Pin=C2-1
Added Pin To Net: NetName=GND Pin=J1-1
Added Pin To Net: NetName=3V3 Pin=J1-2
Added Pin To Net: NetName=IO4 Pin=J1-3
Added Pin To Net: NetName=IO5 Pin=J1-4
Added Pin To Net: NetName=IO6 Pin=J1-5
Added Pin To Net: NetName=IO7 Pin=J1-6
Added Pin To Net: NetName=IO8 Pin=J1-7
Added Pin To Net: NetName=IO9 Pin=J1-8
Added Pin To Net: NetName=5V Pin=J1-9
